<?xml version="1.0" encoding="UTF-8"?>
<!-- Generated by org.testng.reporters.JUnitReportReporter -->
<testsuite hostname="DSB-PC" name="demo.DDFdemo" tests="1" failures="0" timestamp="13 Sep 2016 00:27:51 GMT" time="32.191" errors="0">
  <testcase name="testFb" time="32.191" classname="demo.DDFdemo"/>
</testsuite> <!-- demo.DDFdemo -->
